<?xml version="1.0" encoding="UTF-8"?>
<!-- Generated by org.testng.reporters.JUnitReportReporter -->
<testsuite hostname="DESKTOP-HMIG7V7" failures="0" tests="4" name="api.testcase.UserTests" time="9.588" errors="0" timestamp="2025-03-17T14:44:46 IST" skipped="0">
  <testcase classname="api.testcase.UserTests" name="testPostUser" time="4.259"/>
  <testcase classname="api.testcase.UserTests" name="testGetUserByName" time="1.359"/>
  <testcase classname="api.testcase.UserTests" name="testUpdateUserByName" time="2.625"/>
  <testcase classname="api.testcase.UserTests" name="testDeleteUserByName" time="1.345"/>
</testsuite> <!-- api.testcase.UserTests -->
