<?xml version="1.0" encoding="UTF-8"?>
<!-- Generated by org.testng.reporters.JUnitReportReporter -->
<testsuite hostname="DESKTOP-HMIG7V7" failures="0" tests="4" name="api.testcase.UserTests2" time="11.405" errors="0" timestamp="2025-03-19T17:45:24 IST" skipped="0">
  <testcase classname="api.testcase.UserTests2" name="testPostUser" time="5.636"/>
  <testcase classname="api.testcase.UserTests2" name="testGetUserByName" time="1.479"/>
  <testcase classname="api.testcase.UserTests2" name="testUpdateUserByName" time="2.879"/>
  <testcase classname="api.testcase.UserTests2" name="testDeleteUserByName" time="1.411"/>
</testsuite> <!-- api.testcase.UserTests2 -->
